<?xml version="1.0" encoding="UTF-8"?>
<!-- Generated by org.testng.reporters.JUnitXMLReporter -->
<testsuite ignored="0" hostname="Kunals-MacBook-Pro.local" failures="1" tests="1" name="Bank Manager Test" time="2.408" errors="0" timestamp="2025-07-11T16:17:49 IST">
  <testcase classname="com.kunal.testcases.BankManagerLoginTest" name="loginAsBankmanager" time="0.383">
    <failure type="java.lang.AssertionError" message="Failing testcase intentinally">
      <![CDATA[java.lang.AssertionError: Failing testcase intentinally
at com.kunal.testcases.BankManagerLoginTest.loginAsBankmanager(BankManagerLoginTest.java:17)
at java.base/java.util.ArrayList.forEach(ArrayList.java:1541)
... Removed 31 stack frames]]>
    </failure>
  </testcase> <!-- loginAsBankmanager -->
</testsuite> <!-- Bank Manager Test -->
